MPASM 5.65                       LCD_LIB.ASM   12-12-2016  13:46:16         PAGE  1


LOC  OBJECT CODE     LINE SOURCE TEXT
  VALUE

                      00001 ; ***********************************************************
                      00002 ;   INTESC electronics & embedded
                      00003 ;
                      00004 ;   Curso básico de microcontroladores en ensamblador       
                      00005 ;
                      00006 ;   Práctica 3: Uso de librería de LCD
                      00007 ;   Objetivo: Conocer el funcionamiento de una librería de LCD
                      00008 ;
                      00009 ;   Fecha: 05/Jun/16
                      00010 ;   Creado por: Daniel Hernández Rodríguez
                      00011 ; ************************************************************
                      00012     
                      00013     LIST    P = 18F4550 ;PIC a utilizar
                      00014     INCLUDE <P18F4550.INC>
                      00001         LIST
                      00002 
                      00003 ;==========================================================================
                      00004 ; Build date : Dec 08 2015
                      00005 ;  MPASM PIC18F4550 processor include
                      00006 ; 
                      00007 ;  (c) Copyright 1999-2015 Microchip Technology, All rights reserved
                      00008 ;==========================================================================
                      00009 
                      01765         LIST
                      00015 
                      00016 ;************************************************************
                      00017 ;Configuración de fusibles
                      00018     CONFIG  FOSC = HS
                      00019     CONFIG  PWRT = ON
                      00020     CONFIG  BOR = OFF
                      00021     CONFIG  WDT = OFF
                      00022     CONFIG  MCLRE = ON
                      00023     CONFIG  PBADEN = OFF
                      00024     CONFIG  LVP = OFF
                      00025     CONFIG  DEBUG = OFF
                      00026     CONFIG  XINST = OFF
                      00027 
                      00028 ;***************************************************
                      00029     
                      00030     ORG 0x00    ;Iniciar el programa en el registro 0x00
000000 EF?? F???      00031         goto    INICIO
                      00032 
000004                00033 INICIO
000004 0E0A           00034         movlw   0x0A    
000006 6EC1           00035         movwf   ADCON1  ;Configuración de entradas digitales
000008 0E00           00036         movlw   0x00
00000A 6E95           00037         movwf   TRISD   ;Configurar puerto D como salida
                      00038 
00000C EC?? F???      00039         call    LCD_Init        ;Inicialización de la LCD
000010 0E05           00040         movlw   0x05
000012 EC?? F???      00041         call    LCD_GoTo        ;Ir a la posición 0x05 de la LCD
000016 0E49           00042         movlw   'I'
000018 EC?? F???      00043         call    LCD_Char        ;Imprime caracter "I"
MPASM 5.65                       LCD_LIB.ASM   12-12-2016  13:46:16         PAGE  2


LOC  OBJECT CODE     LINE SOURCE TEXT
  VALUE

00001C 0E4E           00044         movlw   'N'
00001E EC?? F???      00045         call    LCD_Char        ;Imprime caracter "N"
000022 0E54           00046         movlw   'T'
000024 EC?? F???      00047         call    LCD_Char        ;Imprime caracter "T"
000028 0E45           00048         movlw   'E'
00002A EC?? F???      00049         call    LCD_Char        ;Imprime caracter "E"
00002E 0E53           00050         movlw   'S'
000030 EC?? F???      00051         call    LCD_Char        ;Imprime caracter "S"
000034 0E43           00052         movlw   'C'
000036 EC?? F???      00053         call    LCD_Char        ;Imprime caracter "C"
00003A 0E42           00054         movlw   0x42
00003C EC?? F???      00055         call    LCD_GoTo        ;Ir a la posición 0x42
000040 0E4D           00056         movlw   'M'
000042 EC?? F???      00057         call    LCD_Char        ;Imprime caracter "M"
000046 0E49           00058         movlw   'I'
000048 EC?? F???      00059         call    LCD_Char        ;Imprime caracter "I"
00004C 0E55           00060         movlw   'U'
00004E EC?? F???      00061         call    LCD_Char        ;Imprime caracter "U"
000052 0E56           00062         movlw   'V'
000054 EC?? F???      00063         call    LCD_Char        ;Imprime caracter "V"
000058 0E41           00064         movlw   'A'
00005A EC?? F???      00065         call    LCD_Char        ;Imprime caracter "A"
00005E 0E20           00066         movlw   ' '
000060 EC?? F???      00067         call    LCD_Char        ;Imprime caracter " "
000064 0E2D           00068         movlw   '-'
000066 EC?? F???      00069         call    LCD_Char        ;Imprime caracter "-"
00006A 0E20           00070         movlw   ' '
00006C EC?? F???      00071         call    LCD_Char        ;Imprime caracter " "
000070 0E4C           00072         movlw   'L'
000072 EC?? F???      00073         call    LCD_Char        ;Imprime caracter "L"
000076 0E43           00074         movlw   'C'
000078 EC?? F???      00075         call    LCD_Char        ;Imprime caracter "C"
00007C 0E44           00076         movlw   'D'
00007E EC?? F???      00077         call    LCD_Char        ;Imprime caracter "D"
                      00078 
000082                00079 BUCLE
000082 EF?? F???      00080         goto    BUCLE
                      00081 
                      00082         INCLUDE <MiuvaLCD.inc>
                      00001 ;Ubicación de los pines de EN y RS en Miuva
                      00002 #define LCD_EN   PORTD,4
                      00003 #define LCD_RS   PORTD,5
                      00004 
Message[313]: CBLOCK constants will start with a value of 0.
                      00005     CBLOCK 
  00000000            00006         NIBBLE  ;Variable para escribir en la LCD
  00000001            00007         Ret1    ;Variables para crear retardos
  00000002            00008         Ret2
                      00009     ENDC
                      00010     
                      00011 ;*****************************************************************************;
                      00012 ;Ejemplo de envío de instrucción                                              ;
                      00013 ;                                                                             ;
MPASM 5.65                       LCD_LIB.ASM   12-12-2016  13:46:16         PAGE  3


LOC  OBJECT CODE     LINE SOURCE TEXT
  VALUE

                      00014 ;   RS      _________________________   1: DATOS | 0: INSTRUCCIONES           ;
                      00015 ;                                                                             ;   
                      00016 ;   RW      _________________________   1: LECTURA  |   0: ESCRITURA          ;
                      00017 ;                 ___      ___                                                ;
                      00018 ;   EN      _____/   \____/   \______   LEE EN FLANCOS DE BAJADA              ;
                      00019 ;                                                                             ;
                      00020 ;           _________________________                                         ;
                      00021 ;   D7:D4   ___/_4 MSB_\/_4_LSB_\____   PARA ENVIAR LOS 8 BITS DE INSTRUCCION ;
                      00022 ;                                       PRIMERO SE ENVIAN LOS 4 MÁS           ;
                      00023 ;                                       SIGNIFICATIVOS Y POSTERIORMENTE LOS   ;
                      00024 ;                                       4 MENOS SIGNIFICATIVOS                ;
                      00025 ;                                                                             ;
                      00026 ;*****************************************************************************;
                      00027 ;Se carga D7:D4 de la LCD en los bits D3:D0 de Miuva    
                      00028 
                      00029 ;*****************************************************************************;
                      00030 ;                                   LCD_Init                                  ;
                      00031 ;   Inicializa la LCD, esta función se debe ejecutar antes de cualquier otra  ;
                      00032 ;   que involucre el uso de la LCD.                                           ;
                      00033 ;                                                                             ;
                      00034 ;   Ejemplo de uso:                                                           ;
                      00035 ;       call    LCD_Init                                                      ;
                      00036 ;                                                                             ;
                      00037 ;*****************************************************************************;
                      00038 
000086                00039 LCD_Init    
000086 9883           00040     bcf     LCD_EN              ;Enable = LOW
000088 EC?? F???      00041     call    Retardo15ms         
00008C 9A83           00042     bcf     LCD_RS              ;RS = LOW
                      00043     
                      00044     ;Inicia secuencia de inicialización
                      00045     
                      00046     ;Function set
00008E 0E03           00047     movlw   b'00000011' ;Carga el valor del puerto D
000090 6E83           00048     movwf   PORTD       ;Manda el valor al puerto
000092 8883           00049     bsf     LCD_EN      ;Activa el bit de ENABLE
000094 EC?? F???      00050     call    Retardo100us    
000098 9883           00051     bcf     LCD_EN      ;Lee Function set
00009A EC?? F???      00052     call    Retardo4_1ms
                      00053         
                      00054     ;Function set
00009E 0E03           00055     movlw   b'00000011'
0000A0 6E83           00056     movwf   PORTD
0000A2 8883           00057     bsf     LCD_EN
0000A4 EC?? F???      00058     call    Retardo100us
0000A8 9883           00059     bcf     LCD_EN      ;Lee Function set
0000AA EC?? F???      00060     call    Retardo100us
                      00061         
                      00062     ;Function set
0000AE 0E03           00063     movlw   b'00000011'
0000B0 6E83           00064     movwf   PORTD
0000B2 8883           00065     bsf     LCD_EN
0000B4 EC?? F???      00066     call    Retardo100us
MPASM 5.65                       LCD_LIB.ASM   12-12-2016  13:46:16         PAGE  4


LOC  OBJECT CODE     LINE SOURCE TEXT
  VALUE

0000B8 9883           00067     bcf     LCD_EN      ;Lee Function set
0000BA EC?? F???      00068     call    Retardo4_1ms
                      00069     
                      00070     ;Function set
0000BE 0E02           00071     movlw   b'00000010'
0000C0 6E83           00072     movwf   PORTD
0000C2 8883           00073     bsf     LCD_EN
0000C4 EC?? F???      00074     call    Retardo100us
0000C8 9883           00075     bcf     LCD_EN      ;Lee Function set
0000CA EC?? F???      00076     call    Retardo4_1ms
                      00077         
                      00078     ;Function set
0000CE 0E02           00079     movlw   b'00000010' ;MSB Función set
0000D0 6E83           00080     movwf   PORTD
0000D2 8883           00081     bsf     LCD_EN
0000D4 EC?? F???      00082     call    Retardo100us
0000D8 9883           00083     bcf     LCD_EN      
0000DA EC?? F???      00084     call    Retardo4_1ms
0000DE 0E0E           00085     movlw   b'00001110' ;LSB Función set
0000E0 6E83           00086     movwf   PORTD
0000E2 8883           00087     bsf     LCD_EN
0000E4 EC?? F???      00088     call    Retardo100us
0000E8 9883           00089     bcf     LCD_EN      
0000EA EC?? F???      00090     call    Retardo4_1ms
                      00091         
                      00092     ;Display off
0000EE 0E00           00093     movlw   b'00000000' ;MSB Funcion display
0000F0 6E83           00094     movwf   PORTD
0000F2 8883           00095     bsf     LCD_EN
0000F4 EC?? F???      00096     call    Retardo100us
0000F8 9883           00097     bcf     LCD_EN      
0000FA EC?? F???      00098     call    Retardo4_1ms
0000FE 0E08           00099     movlw   b'00001000' ;LSB Funcion display
000100 6E83           00100     movwf   PORTD
000102 8883           00101     bsf     LCD_EN
000104 EC?? F???      00102     call    Retardo100us
000108 9883           00103     bcf     LCD_EN      
00010A EC?? F???      00104     call    Retardo4_1ms
                      00105         
                      00106     ;Display clear
00010E 0E00           00107     movlw   b'00000000' ;MSB Funcion clear
000110 6E83           00108     movwf   PORTD
000112 8883           00109     bsf     LCD_EN
000114 EC?? F???      00110     call    Retardo100us
000118 9883           00111     bcf     LCD_EN      
00011A EC?? F???      00112     call    Retardo4_1ms
00011E 0E01           00113     movlw   b'00000001' ;LSB Funcion clear
000120 6E83           00114     movwf   PORTD
000122 8883           00115     bsf     LCD_EN
000124 EC?? F???      00116     call    Retardo100us
000128 9883           00117     bcf     LCD_EN      
00012A EC?? F???      00118     call    Retardo4_1ms
                      00119 
MPASM 5.65                       LCD_LIB.ASM   12-12-2016  13:46:16         PAGE  5


LOC  OBJECT CODE     LINE SOURCE TEXT
  VALUE

                      00120     ;Entry mode set
00012E 0E00           00121     movlw   b'00000000' ;MSB Funcion mode set
000130 6E83           00122     movwf   PORTD
000132 8883           00123     bsf     LCD_EN
000134 EC?? F???      00124     call    Retardo100us
000138 9883           00125     bcf     LCD_EN      
00013A EC?? F???      00126     call    Retardo4_1ms
00013E 0E06           00127     movlw   b'00000110' ;LSB Funcion mode set
000140 6E83           00128     movwf   PORTD
000142 8883           00129     bsf     LCD_EN
000144 EC?? F???      00130     call    Retardo100us
000148 9883           00131     bcf     LCD_EN      
00014A EC?? F???      00132     call    Retardo4_1ms
                      00133         
                      00134     ;DDRAM ACCES
00014E 0E08           00135     movlw   b'00001000' ;MSB DDRAM Access
000150 6E83           00136     movwf   PORTD
000152 8883           00137     bsf     LCD_EN
000154 EC?? F???      00138     call    Retardo100us
000158 9883           00139     bcf     LCD_EN      
00015A EC?? F???      00140     call    Retardo4_1ms
00015E 0E00           00141     movlw   b'00000000' ;LSB DDRAM Access
000160 6E83           00142     movwf   PORTD
000162 8883           00143     bsf     LCD_EN
000164 EC?? F???      00144     call    Retardo100us
000168 9883           00145     bcf     LCD_EN      
00016A EC?? F???      00146     call    Retardo4_1ms
                      00147         
                      00148     ;Display on
00016E 0E00           00149     movlw   b'00000000' ;MSB Display ON
000170 6E83           00150     movwf   PORTD
000172 8883           00151     bsf     LCD_EN
000174 EC?? F???      00152     call    Retardo100us
000178 9883           00153     bcf     LCD_EN      
00017A EC?? F???      00154     call    Retardo4_1ms
00017E 0E0C           00155     movlw   b'00001100' ;LSB Display ON
000180 6E83           00156     movwf   PORTD
000182 8883           00157     bsf     LCD_EN
000184 EC?? F???      00158     call    Retardo100us
000188 9883           00159     bcf     LCD_EN      
00018A EC?? F???      00160     call    Retardo4_1ms
                      00161         
00018E 0012           00162     return
                      00163     
                      00164 ;*****************************************************************************;
                      00165 ;   Ejemplo de envío del caracter H
                      00166 ;   Ubicación del caracter H: 0100 1000
                      00167 ;   Se tiene que enviar primero 0100 y posteriormente 1000
                      00168 ;   1. NIBBLE almacena el valor 0100 1000
                      00169 ;   2. Intercambia los nibbles y los almacena en W -> W = 0100 
                      00170 ;   3. Realiza una AND con 0x0F para tener solamente 4 bits
                      00171 ;       W = 0000 0100
                      00172 ;   4. Le suma 00100000 para habilitar RS como datos -> W = 0010 0100
MPASM 5.65                       LCD_LIB.ASM   12-12-2016  13:46:16         PAGE  6


LOC  OBJECT CODE     LINE SOURCE TEXT
  VALUE

                      00173 ;   5. Se envía a la LCD (PUERTO D)
                      00174 ;   6. Mueve al registro de trabajo la variable NIBBLE -> W = 0100 1000
                      00175 ;   7. Realiza una AND con 0x0F para tener solamente 4 bits
                      00176 ;       W = 0000 1000
                      00177 ;   8. Le suma 00100000 para habilitar RS como datos -> W = 0010 1000
                      00178 ;   9. Se envía a la LCD (PUERTO D)
                      00179 ;******************************************************************************;
                      00180     
                      00181 ;*****************************************************************************;
                      00182 ;                                   LCD_Char                                  ;
                      00183 ;   Imprime cualquier caracter en la posición actual de la LCD.               ;
                      00184 ;                                                                             ;
                      00185 ;   Ejemplo de uso:                                                           ;
                      00186 ;       movlw   'H'             ;Caracter a escribir                          ;
                      00187 ;       call    LCD_Char                                                      ;
                      00188 ;                                                                             ;
                      00189 ;*****************************************************************************;
000190                00190 LCD_Char
000190 8A83           00191     bsf     LCD_RS      ;Se enviará un dato
000192 6E00           00192     movwf   NIBBLE      ;Almacenamos el valor en la variable NIBBLE
000194 3800           00193     swapf   NIBBLE,w    ;Intercambia los NIBBLE
000196 0B0F           00194     andlw   0x0F        ;AND con 0x0F
000198 0F20           00195     addlw   b'00100000' ;Suma 00100000
00019A 6E83           00196     movwf   PORTD       ;Se envía al puerto D
00019C 8883           00197     bsf     LCD_EN      ;ENABLE = HIGH
00019E EC?? F???      00198     call    Retardo100us
0001A2 9883           00199     bcf     LCD_EN      ;ENABLE = LOW
0001A4 EC?? F???      00200     call    Retardo4_1ms
0001A8 5000           00201     movf    NIBBLE,w    ;Mueve la variable NIBBLE a W
0001AA 0B0F           00202     andlw   0x0F        ;AND con 0x0F
0001AC 0F20           00203     addlw   b'00100000' ;Suma 00100000
0001AE 6E83           00204     movwf   PORTD       ;Se envía al puerto D
0001B0 8883           00205     bsf     LCD_EN      ;ENABLE = HIGH
0001B2 EC?? F???      00206     call    Retardo100us
0001B6 9883           00207     bcf     LCD_EN      ;ENABLE = LOW
0001B8 EC?? F???      00208     call    Retardo4_1ms
0001BC 0012           00209     return      
                      00210     
                      00211 ;*****************************************************************************;
                      00212 ;                                   LCD_Clear                                 ;
                      00213 ;   Limpia todo lo que está escrito en la LCD y posteriormente regresa el     ;
                      00214 ;   cursor a Home.
                      00215 ;                                                                             ;
                      00216 ;   Ejemplo de uso:                                                           ;
                      00217 ;       call    LCD_Clear                                                     ;
                      00218 ;                                                                             ;
                      00219 ;*****************************************************************************;
0001BE                00220 LCD_Clear
0001BE 9A83           00221     bcf     LCD_RS
0001C0 0E00           00222     movlw       b'00000000'
0001C2 6E83           00223     movwf       PORTD
0001C4 8883           00224     bsf LCD_EN
0001C6 EC?? F???      00225     call        Retardo100us
MPASM 5.65                       LCD_LIB.ASM   12-12-2016  13:46:16         PAGE  7


LOC  OBJECT CODE     LINE SOURCE TEXT
  VALUE

0001CA 9883           00226     bcf LCD_EN  
0001CC EC?? F???      00227     call        Retardo4_1ms
0001D0 0E01           00228     movlw       b'00000001'
0001D2 6E83           00229     movwf       PORTD
0001D4 8883           00230     bsf LCD_EN
0001D6 EC?? F???      00231     call        Retardo100us
0001DA 9883           00232     bcf LCD_EN  
0001DC EC?? F???      00233     call        Retardo4_1ms
0001E0 0012           00234     return
                      00235     
                      00236 ;*****************************************************************************;
                      00237 ;                                   LCD_Home                                  ;
                      00238 ;   Envia el cursor a la posición inicial de la LCD                           ;
                      00239 ;                                                                             ;
                      00240 ;   Ejemplo de uso:                                                           ;
                      00241 ;       call    LCD_Home                                                      ;
                      00242 ;                                                                             ;
                      00243 ;*****************************************************************************;
0001E2                00244 LCD_Home
0001E2 9A83           00245     bcf     LCD_RS
0001E4 0E00           00246     movlw       b'00000000'
0001E6 6E83           00247     movwf       PORTD
0001E8 8883           00248     bsf LCD_EN
0001EA EC?? F???      00249     call        Retardo100us
0001EE 9883           00250     bcf LCD_EN  ;Lee Function set
0001F0 EC?? F???      00251     call        Retardo4_1ms
0001F4 0E02           00252     movlw       b'00000010'
0001F6 6E83           00253     movwf       PORTD
0001F8 8883           00254     bsf LCD_EN
0001FA EC?? F???      00255     call        Retardo100us
0001FE 9883           00256     bcf LCD_EN  ;Lee Function set
000200 EC?? F???      00257     call        Retardo4_1ms
000204 0012           00258     return
                      00259    
                      00260 ;*****************************************************************************;
                      00261 ;                                   LCD_GoTo                                  ;
                      00262 ;   Inicializa la LCD, esta función se debe ejecutar antes de cualquier otra  ;
                      00263 ;   que involucre el uso de la LCD.                                           ;
                      00264 ;                                                                             ;
                      00265 ;   Ejemplo de uso:                                                           ;
                      00266 ;       movlw   0x03        ;Posición de la LCD                               ;
                      00267 ;       call    LCD_GoTo                                                      ;
                      00268 ;                                                                             ;
                      00269 ;*****************************************************************************;
                      00270 ;                       POSICIONES DE LA LCD 2X16                             ;
                      00271 ;                                                                             ;
                      00272 ;          00 01 02 03 04 05 06 07 08 09 0A 0B 0C 0D 0E 0F                    ;
                      00273 ;          40 41 42 43 44 45 46 47 48 49 4A 4B 4C 4D 4E 4F                    ;
                      00274 ;                                                                             ;
                      00275 ;*****************************************************************************;
000206                00276 LCD_GoTo
000206 9A83           00277     bcf     LCD_RS
000208 6E00           00278     movwf   NIBBLE
MPASM 5.65                       LCD_LIB.ASM   12-12-2016  13:46:16         PAGE  8


LOC  OBJECT CODE     LINE SOURCE TEXT
  VALUE

00020A 3800           00279     swapf   NIBBLE,w
00020C 0B0F           00280     andlw   0x0F
00020E 0F08           00281     addlw   b'0001000'
000210 6E83           00282     movwf   PORTD
000212 8883           00283     bsf     LCD_EN
000214 EC?? F???      00284     call    Retardo100us
000218 9883           00285     bcf     LCD_EN      ;Lee Function set
00021A EC?? F???      00286     call    Retardo4_1ms
00021E 5000           00287     movf    NIBBLE,w
000220 0B0F           00288     andlw   0x0F
000222 6E83           00289     movwf   PORTD
000224 8883           00290     bsf     LCD_EN
000226 EC?? F???      00291     call    Retardo100us
00022A 9883           00292     bcf     LCD_EN      ;Lee Function set
00022C EC?? F???      00293     call    Retardo4_1ms
000230 0012           00294     return
                      00295 
                      00296 ;*****************************************************************************;
                      00297 ;                       Funciones de retardos                                 ;
                      00298 ;   Estas funciones se utilizaron para los tiempos requeridos mientras se     ;
                      00299 ;   envían los datos o instrucciones a la LCD, está predefinidos para el      ;
                      00300 ;   oscilador de Miuva (8MHz). En caso de usar otro oscilador se tendrían     ;
                      00301 ;   que ajustar los retardos para satisfacer los tiempo solicitados.          ;
                      00302 ;                                                                             ;
                      00303 ;               fosc = 8MHz                                                   ;
                      00304 ;               Ciclo Reloj = 1/fosc = 1/8M = 125ns                           ;
                      00305 ;               Ciclo Instruccion = 4*Ciclo Reloj = 500ns                     ;
                      00306 ;               La funcion DECFSZ tarda 3 ciclos en ejecutarse                ;
                      00307 ;               Retardo 15ms                                                  ;
                      00308 ;               Tiempo = Ret1*Ret2*(3*500ns)                                  ;
                      00309 ;               Tiempo = Ret1*Ret2*(1.5us)                                    ;
                      00310 ;               Ret1 = 255                                                    ;
                      00311 ;               Ret2 = 40                                                     ;
                      00312 ;               Tiempo = (255*40)(1.5us) = .0153 = 15.3ms                     ;
                      00313 ;*****************************************************************************;
                      00314 
000232                00315 Retardo15ms
000232 0EFF           00316     movlw       .255
000234 6E01           00317     movwf       Ret1
000236 0E28           00318     movlw       .40
000238 6E02           00319     movwf       Ret2
00023A                00320 Ret15ms
00023A 2E01           00321     decfsz      Ret1, F
00023C D???           00322     bra Ret15ms
00023E 2E02           00323     decfsz      Ret2, F
000240 D???           00324     bra Ret15ms
000242 0012           00325     return
                      00326     
                      00327 ;Retardo 40ms
                      00328 ;Tiempo = Ret1*Ret2*(3*500ns) 
                      00329 ;Tiempo = Ret1*Ret2*(1.5us)
                      00330 ;Ret1 = 255
                      00331 ;Ret2 = 105
MPASM 5.65                       LCD_LIB.ASM   12-12-2016  13:46:16         PAGE  9


LOC  OBJECT CODE     LINE SOURCE TEXT
  VALUE

                      00332 ;Tiempo = (255*105)(1.5us) = .0402 = 40.2ms
000244                00333 Retardo40ms
000244 0EFF           00334     movlw       .255
000246 6E01           00335     movwf       Ret1
000248 0E69           00336     movlw       .105
00024A 6E02           00337     movwf       Ret2
00024C                00338 Ret40ms
00024C 2E01           00339     decfsz      Ret1, F
00024E D???           00340     bra Ret15ms
000250 2E02           00341     decfsz      Ret2, F
000252 D???           00342     bra Ret15ms
000254 0012           00343     return
                      00344 
                      00345 ;Retardo 5ms
                      00346 ;Tiempo = Ret1*Ret2*(3*500ns) 
                      00347 ;Tiempo = Ret1*Ret2*(1.5us)
                      00348 ;Ret1 = 255
                      00349 ;Ret2 = 14
                      00350 ;Tiempo = (255*14)(1.5us) = .005355 = 5.355ms
000256                00351 Retardo5ms
000256 0EFF           00352     movlw   .255
000258 6E01           00353     movwf   Ret1
00025A 0E0E           00354     movlw   .14
00025C 6E02           00355     movwf   Ret2
00025E                00356 Ret5ms
00025E 2E01           00357     decfsz  Ret1,F
000260 D???           00358     bra     Ret5ms
000262 2E02           00359     decfsz  Ret2,F
000264 D???           00360     bra     Ret5ms
000266 0012           00361     return
                      00362     
                      00363 ;Retardo 4.1ms
                      00364 ;Tiempo = Ret1*Ret2*(3*500ns) 
                      00365 ;Tiempo = Ret1*Ret2*(1.5us)
                      00366 ;Ret1 = 255
                      00367 ;Ret2 = 11
                      00368 ;Tiempo = (255*11)(1.5us) = .0042 = 4.2ms
000268                00369 Retardo4_1ms
000268 0EFF           00370     movlw       .255
00026A 6E01           00371     movwf       Ret1
00026C 0E0B           00372     movlw       .11
00026E 6E02           00373     movwf       Ret2
000270                00374 Ret4_1ms
000270 2E01           00375     decfsz      Ret1, F
000272 D???           00376     bra Ret15ms
000274 2E02           00377     decfsz      Ret2, F
000276 D???           00378     bra Ret15ms
000278 0012           00379     return
                      00380     
                      00381     
                      00382 ;Retardo 100us
                      00383 ;Tiempo = Ret1*(3*500ns) 
                      00384 ;Tiempo = Ret1*(1.5us)
MPASM 5.65                       LCD_LIB.ASM   12-12-2016  13:46:16         PAGE 10


LOC  OBJECT CODE     LINE SOURCE TEXT
  VALUE

                      00385 ;Ret1 = 67
                      00386 ;Tiempo = (67)(1.5us) = .0001005 = 100.5us
00027A                00387 Retardo100us
00027A 0E43           00388     movlw       .67
00027C 6E01           00389     movwf       Ret1
00027E                00390 Ret100us
00027E 2E01           00391     decfsz      Ret1, F
000280 0012           00392     return
                      00393     
                      00394 ;Retardo 40us
                      00395 ;Tiempo = Ret1*(3*500ns) = Ret1*(1.5us)
                      00396 ;Ret1 = 27
                      00397 ;Tiempo = (27)(1.5us) = .0000405 = 40.5us
000282                00398 Retardo40us
000282 0E1B           00399     movlw       .27
000284 6E01           00400     movwf       Ret1
000286                00401 Ret40us
000286 2E01           00402     decfsz      Ret1,F
000288 0012           00403     return
                      00404     
                      00405     END
MPASM 5.65                       LCD_LIB.ASM   12-12-2016  13:46:16         PAGE 11


SYMBOL TABLE
  LABEL                             VALUE 

A                                 00000000
ABDEN                             00000000
ABDOVF                            00000007
ACCESS                            00000000
ACKDT                             00000005
ACKEN                             00000004
ACKSTAT                           00000006
ACQT0                             00000003
ACQT1                             00000004
ACQT2                             00000005
ACTVIE                            00000002
ACTVIF                            00000002
ADCON0                            00000FC2
ADCON1                            00000FC1
ADCON2                            00000FC0
ADCS0                             00000000
ADCS1                             00000001
ADCS2                             00000002
ADDEN                             00000003
ADDR0                             00000000
ADDR1                             00000001
ADDR2                             00000002
ADDR3                             00000003
ADDR4                             00000004
ADDR5                             00000005
ADDR6                             00000006
ADEN                              00000003
ADFM                              00000007
ADIE                              00000006
ADIF                              00000006
ADIP                              00000006
ADON                              00000000
ADRES                             00000FC3
ADRESH                            00000FC4
ADRESL                            00000FC3
AN0                               00000000
AN1                               00000001
AN2                               00000002
AN3                               00000003
AN4                               00000005
BANKED                            00000001
BAUDCON                           00000FB8
BAUDCTL                           00000FB8
BCLIE                             00000003
BCLIF                             00000003
BCLIP                             00000003
BF                                00000000
BGST                              00000005
BOR                               00000000
BRG16                             00000003
BRGH                              00000002
BSR                               00000FE0
BTOEE                             00000004
MPASM 5.65                       LCD_LIB.ASM   12-12-2016  13:46:16         PAGE 12


SYMBOL TABLE
  LABEL                             VALUE 

BTOEF                             00000004
BTSEE                             00000007
BTSEF                             00000007
BUCLE                             00000082
C                                 00000000
C1INV                             00000004
C1OUT                             00000006
C2INV                             00000005
C2OUT                             00000007
CCP1                              00000002
CCP1AS                            00000FB6
CCP1CON                           00000FBD
CCP1DEL                           00000FB7
CCP1IE                            00000002
CCP1IF                            00000002
CCP1IP                            00000002
CCP1M0                            00000000
CCP1M1                            00000001
CCP1M2                            00000002
CCP1M3                            00000003
CCP2CON                           00000FBA
CCP2IE                            00000000
CCP2IF                            00000000
CCP2IP                            00000000
CCP2M0                            00000000
CCP2M1                            00000001
CCP2M2                            00000002
CCP2M3                            00000003
CCPR1                             00000FBE
CCPR1H                            00000FBF
CCPR1L                            00000FBE
CCPR2                             00000FBB
CCPR2H                            00000FBC
CCPR2L                            00000FBB
CFGS                              00000006
CHS0                              00000002
CHS1                              00000003
CHS2                              00000004
CHS3                              00000005
CIS                               00000003
CK                                00000006
CK1SPP                            00000000
CK2SPP                            00000001
CKE                               00000006
CKP                               00000004
CLK1EN                            00000004
CLKCFG0                           00000006
CLKCFG1                           00000007
CM0                               00000000
CM1                               00000001
CM2                               00000002
CMCON                             00000FB4
CMIE                              00000006
MPASM 5.65                       LCD_LIB.ASM   12-12-2016  13:46:16         PAGE 13


SYMBOL TABLE
  LABEL                             VALUE 

CMIF                              00000006
CMIP                              00000006
CRC16EE                           00000002
CRC16EF                           00000002
CRC5EE                            00000001
CRC5EF                            00000001
CREN                              00000004
CSEN                              00000005
CSRC                              00000007
CVR0                              00000000
CVR1                              00000001
CVR2                              00000002
CVR3                              00000003
CVRCON                            00000FB5
CVREF                             00000004
CVREN                             00000007
CVROE                             00000006
CVRR                              00000005
CVRSS                             00000004
D                                 00000005
DATA_ADDRESS                      00000005
DC                                00000001
DC1B0                             00000004
DC1B1                             00000005
DC2B0                             00000004
DC2B1                             00000005
DDRA                              TRISA
DDRB                              TRISB
DDRC                              TRISC
DDRD                              TRISD
DDRE                              TRISE
DFN8EE                            00000003
DFN8EF                            00000003
DIR                               00000002
DONE                              00000001
D_A                               00000005
D_NOT_A                           00000005
ECCP1AS                           00000FB6
ECCP1CON                          00000FBD
ECCP1DEL                          00000FB7
ECCPAS0                           00000004
ECCPAS1                           00000005
ECCPAS2                           00000006
ECCPASE                           00000007
EEADR                             00000FA9
EECON1                            00000FA6
EECON2                            00000FA7
EEDATA                            00000FA8
EEIE                              00000004
EEIF                              00000004
EEIP                              00000004
EEPGD                             00000007
ENDP0                             00000003
MPASM 5.65                       LCD_LIB.ASM   12-12-2016  13:46:16         PAGE 14


SYMBOL TABLE
  LABEL                             VALUE 

ENDP1                             00000004
ENDP2                             00000005
ENDP3                             00000006
EPCONDIS                          00000003
EPHSHK                            00000004
EPINEN                            00000001
EPOUTEN                           00000002
EPSTALL                           00000000
FAST                              00000001
FERR                              00000002
FLTS                              00000002
FREE                              00000004
FRM0                              00000000
FRM1                              00000001
FRM10                             00000002
FRM2                              00000002
FRM3                              00000003
FRM4                              00000004
FRM5                              00000005
FRM6                              00000006
FRM7                              00000007
FRM8                              00000000
FRM9                              00000001
FSEN                              00000002
FSR0                              00000000
FSR0H                             00000FEA
FSR0L                             00000FE9
FSR1                              00000001
FSR1H                             00000FE2
FSR1L                             00000FE1
FSR2                              00000002
FSR2H                             00000FDA
FSR2L                             00000FD9
GCEN                              00000007
GIE                               00000007
GIEH                              00000007
GIEL                              00000006
GIE_GIEH                          00000007
GO                                00000001
GO_DONE                           00000001
GO_NOT_DONE                       00000001
HLVDCON                           00000FD2
HLVDEN                            00000004
HLVDIE                            00000002
HLVDIF                            00000002
HLVDIN                            00000005
HLVDIP                            00000002
HLVDL0                            00000000
HLVDL1                            00000001
HLVDL2                            00000002
HLVDL3                            00000003
I2C_DAT                           00000005
I2C_READ                          00000002
MPASM 5.65                       LCD_LIB.ASM   12-12-2016  13:46:16         PAGE 15


SYMBOL TABLE
  LABEL                             VALUE 

I2C_START                         00000003
I2C_STOP                          00000004
IDLEIE                            00000004
IDLEIF                            00000004
IDLEN                             00000007
INDF0                             00000FEF
INDF1                             00000FE7
INDF2                             00000FDF
INICIO                            00000004
INT0                              00000000
INT0E                             00000004
INT0F                             00000001
INT0IE                            00000004
INT0IF                            00000001
INT1                              00000001
INT1E                             00000003
INT1F                             00000000
INT1IE                            00000003
INT1IF                            00000000
INT1IP                            00000006
INT1P                             00000006
INT2                              00000002
INT2E                             00000004
INT2F                             00000001
INT2IE                            00000004
INT2IF                            00000001
INT2IP                            00000007
INT2P                             00000007
INTCON                            00000FF2
INTCON2                           00000FF1
INTCON3                           00000FF0
INTEDG0                           00000006
INTEDG1                           00000005
INTEDG2                           00000004
INTSRC                            00000007
IOFS                              00000002
IPEN                              00000007
IPR1                              00000F9F
IPR2                              00000FA2
IRCF0                             00000004
IRCF1                             00000005
IRCF2                             00000006
IRVST                             00000005
IVRST                             00000005
LATA                              00000F89
LATA0                             00000000
LATA1                             00000001
LATA2                             00000002
LATA3                             00000003
LATA4                             00000004
LATA5                             00000005
LATA6                             00000006
LATB                              00000F8A
MPASM 5.65                       LCD_LIB.ASM   12-12-2016  13:46:16         PAGE 16


SYMBOL TABLE
  LABEL                             VALUE 

LATB0                             00000000
LATB1                             00000001
LATB2                             00000002
LATB3                             00000003
LATB4                             00000004
LATB5                             00000005
LATB6                             00000006
LATB7                             00000007
LATC                              00000F8B
LATC0                             00000000
LATC1                             00000001
LATC2                             00000002
LATC6                             00000006
LATC7                             00000007
LATD                              00000F8C
LATD0                             00000000
LATD1                             00000001
LATD2                             00000002
LATD3                             00000003
LATD4                             00000004
LATD5                             00000005
LATD6                             00000006
LATD7                             00000007
LATE                              00000F8D
LATE0                             00000000
LATE1                             00000001
LATE2                             00000002
LCD_Char                          00000190
LCD_Clear                         000001BE
LCD_EN                            PORTD,4
LCD_GoTo                          00000206
LCD_Home                          000001E2
LCD_Init                          00000086
LCD_RS                            PORTD,5
LVDCON                            00000FD2
LVDEN                             00000004
LVDIE                             00000002
LVDIF                             00000002
LVDIN                             00000005
LVDIP                             00000002
LVDL0                             00000000
LVDL1                             00000001
LVDL2                             00000002
LVDL3                             00000003
LVV0                              00000000
LVV1                              00000001
LVV2                              00000002
LVV3                              00000003
N                                 00000004
NIBBLE                            00000000
NOT_A                             00000005
NOT_ADDRESS                       00000005
NOT_BOR                           00000000
MPASM 5.65                       LCD_LIB.ASM   12-12-2016  13:46:16         PAGE 17


SYMBOL TABLE
  LABEL                             VALUE 

NOT_DONE                          00000001
NOT_IPEN                          00000007
NOT_PD                            00000002
NOT_POR                           00000001
NOT_RBPU                          00000007
NOT_RI                            00000004
NOT_T1SYNC                        00000002
NOT_T3SYNC                        00000002
NOT_TO                            00000003
NOT_W                             00000002
NOT_WRITE                         00000002
OERR                              00000001
OESPP                             00000002
OSC2                              00000006
OSCCON                            00000FD3
OSCFIE                            00000007
OSCFIF                            00000007
OSCFIP                            00000007
OSCTUNE                           00000F9B
OSTS                              00000003
OV                                00000003
P                                 00000004
P1A                               00000002
P1M0                              00000006
P1M1                              00000007
PC                                00000FF9
PCFG0                             00000000
PCFG1                             00000001
PCFG2                             00000002
PCFG3                             00000003
PCL                               00000FF9
PCLATH                            00000FFA
PCLATU                            00000FFB
PD                                00000002
PDC0                              00000000
PDC1                              00000001
PDC2                              00000002
PDC3                              00000003
PDC4                              00000004
PDC5                              00000005
PDC6                              00000006
PEIE                              00000006
PEIE_GIEL                         00000006
PEN                               00000002
PGC                               00000006
PGD                               00000007
PGM                               00000005
PIDEE                             00000000
PIDEF                             00000000
PIE1                              00000F9D
PIE2                              00000FA0
PIR1                              00000F9E
PIR2                              00000FA1
MPASM 5.65                       LCD_LIB.ASM   12-12-2016  13:46:16         PAGE 18


SYMBOL TABLE
  LABEL                             VALUE 

PKTDIS                            00000004
PLUSW0                            00000FEB
PLUSW1                            00000FE3
PLUSW2                            00000FDB
POR                               00000001
PORTA                             00000F80
PORTB                             00000F81
PORTC                             00000F82
PORTD                             00000F83
PORTE                             00000F84
POSTDEC0                          00000FED
POSTDEC1                          00000FE5
POSTDEC2                          00000FDD
POSTINC0                          00000FEE
POSTINC1                          00000FE6
POSTINC2                          00000FDE
PPB0                              00000000
PPB1                              00000001
PPBI                              00000001
PPBRST                            00000006
PR2                               00000FCB
PREINC0                           00000FEC
PREINC1                           00000FE4
PREINC2                           00000FDC
PROD                              00000FF3
PRODH                             00000FF4
PRODL                             00000FF3
PRSEN                             00000007
PSA                               00000003
PSSAC0                            00000002
PSSAC1                            00000003
PSSBD0                            00000000
PSSBD1                            00000001
R                                 00000002
RA0                               00000000
RA1                               00000001
RA2                               00000002
RA3                               00000003
RA4                               00000004
RA5                               00000005
RA6                               00000006
RB0                               00000000
RB1                               00000001
RB2                               00000002
RB3                               00000003
RB4                               00000004
RB5                               00000005
RB6                               00000006
RB7                               00000007
RBIE                              00000003
RBIF                              00000000
RBIP                              00000000
RBPU                              00000007
MPASM 5.65                       LCD_LIB.ASM   12-12-2016  13:46:16         PAGE 19


SYMBOL TABLE
  LABEL                             VALUE 

RC0                               00000000
RC1                               00000001
RC2                               00000002
RC4                               00000004
RC5                               00000005
RC6                               00000006
RC7                               00000007
RCEN                              00000003
RCIDL                             00000006
RCIE                              00000005
RCIF                              00000005
RCIP                              00000005
RCMT                              00000006
RCON                              00000FD0
RCREG                             00000FAE
RCSTA                             00000FAB
RD                                00000000
RD0                               00000000
RD1                               00000001
RD16                              00000007
RD2                               00000002
RD3                               00000003
RD4                               00000004
RD5                               00000005
RD6                               00000006
RD7                               00000007
RDPU                              00000007
RDSPP                             00000007
RE0                               00000000
RE1                               00000001
RE2                               00000002
RE3                               00000003
READ_WRITE                        00000002
RESUME                            00000002
RI                                00000004
RSEN                              00000001
RX                                00000007
RX9                               00000006
RX9D                              00000000
RXDTP                             00000005
R_NOT_W                           00000002
R_W                               00000002
Ret1                              00000001
Ret100us                          0000027E
Ret15ms                           0000023A
Ret2                              00000002
Ret40ms                           0000024C
Ret40us                           00000286
Ret4_1ms                          00000270
Ret5ms                            0000025E
Retardo100us                      0000027A
Retardo15ms                       00000232
Retardo40ms                       00000244
MPASM 5.65                       LCD_LIB.ASM   12-12-2016  13:46:16         PAGE 20


SYMBOL TABLE
  LABEL                             VALUE 

Retardo40us                       00000282
Retardo4_1ms                      00000268
Retardo5ms                        00000256
S                                 00000003
SBOREN                            00000006
SCKP                              00000004
SCS0                              00000000
SCS1                              00000001
SE0                               00000005
SEN                               00000000
SENDB                             00000003
SMP                               00000007
SOFIE                             00000006
SOFIF                             00000006
SPBRG                             00000FAF
SPBRGH                            00000FB0
SPEN                              00000007
SPP0                              00000000
SPP1                              00000001
SPP2                              00000002
SPP3                              00000003
SPP4                              00000004
SPP5                              00000005
SPP6                              00000006
SPP7                              00000007
SPPBUSY                           00000004
SPPCFG                            00000F63
SPPCON                            00000F65
SPPDATA                           00000F62
SPPEN                             00000000
SPPEPS                            00000F64
SPPIE                             00000007
SPPIF                             00000007
SPPIP                             00000007
SPPOWN                            00000001
SREN                              00000005
SSPADD                            00000FC8
SSPBUF                            00000FC9
SSPCON1                           00000FC6
SSPCON2                           00000FC5
SSPEN                             00000005
SSPIE                             00000003
SSPIF                             00000003
SSPIP                             00000003
SSPM0                             00000000
SSPM1                             00000001
SSPM2                             00000002
SSPM3                             00000003
SSPOV                             00000006
SSPSTAT                           00000FC7
STALLIE                           00000005
STALLIF                           00000005
STATUS                            00000FD8
MPASM 5.65                       LCD_LIB.ASM   12-12-2016  13:46:16         PAGE 21


SYMBOL TABLE
  LABEL                             VALUE 

STKFUL                            00000007
STKOVF                            00000007
STKPTR                            00000FFC
STKPTR0                           00000000
STKPTR1                           00000001
STKPTR2                           00000002
STKPTR3                           00000003
STKPTR4                           00000004
STKUNF                            00000006
SUSPND                            00000001
SWDTE                             00000000
SWDTEN                            00000000
SYNC                              00000004
T08BIT                            00000006
T0CKI                             00000004
T0CON                             00000FD5
T0CS                              00000005
T0IE                              00000005
T0IF                              00000002
T0IP                              00000002
T0PS0                             00000000
T0PS1                             00000001
T0PS2                             00000002
T0SE                              00000004
T13CKI                            00000000
T1CKPS0                           00000004
T1CKPS1                           00000005
T1CON                             00000FCD
T1OSCEN                           00000003
T1OSI                             00000001
T1OSO                             00000000
T1RUN                             00000006
T1SYNC                            00000002
T2CKPS0                           00000000
T2CKPS1                           00000001
T2CON                             00000FCA
T2OUTPS0                          00000003
T2OUTPS1                          00000004
T2OUTPS2                          00000005
T2OUTPS3                          00000006
T3CCP1                            00000003
T3CCP2                            00000006
T3CKPS0                           00000004
T3CKPS1                           00000005
T3CON                             00000FB1
T3NSYNC                           00000002
T3SYNC                            00000002
TABLAT                            00000FF5
TBLPTR                            00000FF6
TBLPTRH                           00000FF7
TBLPTRL                           00000FF6
TBLPTRU                           00000FF8
TMR0                              00000FD6
MPASM 5.65                       LCD_LIB.ASM   12-12-2016  13:46:16         PAGE 22


SYMBOL TABLE
  LABEL                             VALUE 

TMR0H                             00000FD7
TMR0IE                            00000005
TMR0IF                            00000002
TMR0IP                            00000002
TMR0L                             00000FD6
TMR0ON                            00000007
TMR1                              00000FCE
TMR1CS                            00000001
TMR1H                             00000FCF
TMR1IE                            00000000
TMR1IF                            00000000
TMR1IP                            00000000
TMR1L                             00000FCE
TMR1ON                            00000000
TMR2                              00000FCC
TMR2IE                            00000001
TMR2IF                            00000001
TMR2IP                            00000001
TMR2ON                            00000002
TMR3                              00000FB2
TMR3CS                            00000001
TMR3H                             00000FB3
TMR3IE                            00000001
TMR3IF                            00000001
TMR3IP                            00000001
TMR3L                             00000FB2
TMR3ON                            00000000
TO                                00000003
TOS                               00000FFD
TOSH                              00000FFE
TOSL                              00000FFD
TOSU                              00000FFF
TOUTPS0                           00000003
TOUTPS1                           00000004
TOUTPS2                           00000005
TOUTPS3                           00000006
TRISA                             00000F92
TRISA0                            00000000
TRISA1                            00000001
TRISA2                            00000002
TRISA3                            00000003
TRISA4                            00000004
TRISA5                            00000005
TRISA6                            00000006
TRISB                             00000F93
TRISB0                            00000000
TRISB1                            00000001
TRISB2                            00000002
TRISB3                            00000003
TRISB4                            00000004
TRISB5                            00000005
TRISB6                            00000006
TRISB7                            00000007
MPASM 5.65                       LCD_LIB.ASM   12-12-2016  13:46:16         PAGE 23


SYMBOL TABLE
  LABEL                             VALUE 

TRISC                             00000F94
TRISC0                            00000000
TRISC1                            00000001
TRISC2                            00000002
TRISC6                            00000006
TRISC7                            00000007
TRISD                             00000F95
TRISD0                            00000000
TRISD1                            00000001
TRISD2                            00000002
TRISD3                            00000003
TRISD4                            00000004
TRISD5                            00000005
TRISD6                            00000006
TRISD7                            00000007
TRISE                             00000F96
TRISE0                            00000000
TRISE1                            00000001
TRISE2                            00000002
TRMT                              00000001
TRNIE                             00000003
TRNIF                             00000003
TUN0                              00000000
TUN1                              00000001
TUN2                              00000002
TUN3                              00000003
TUN4                              00000004
TX                                00000006
TX9                               00000006
TX9D                              00000000
TXCKP                             00000004
TXEN                              00000005
TXIE                              00000004
TXIF                              00000004
TXIP                              00000004
TXREG                             00000FAD
TXSTA                             00000FAC
UA                                00000001
UADDR                             00000F6E
UCFG                              00000F6F
UCON                              00000F6D
UEIE                              00000F6B
UEIR                              00000F6A
UEP0                              00000F70
UEP1                              00000F71
UEP10                             00000F7A
UEP11                             00000F7B
UEP12                             00000F7C
UEP13                             00000F7D
UEP14                             00000F7E
UEP15                             00000F7F
UEP2                              00000F72
UEP3                              00000F73
MPASM 5.65                       LCD_LIB.ASM   12-12-2016  13:46:16         PAGE 24


SYMBOL TABLE
  LABEL                             VALUE 

UEP4                              00000F74
UEP5                              00000F75
UEP6                              00000F76
UEP7                              00000F77
UEP8                              00000F78
UEP9                              00000F79
UERRIE                            00000001
UERRIF                            00000001
UFRM                              00000F66
UFRMH                             00000F67
UFRML                             00000F66
UIE                               00000F69
UIR                               00000F68
UOEMON                            00000006
UPUEN                             00000004
URSTIE                            00000000
URSTIF                            00000000
USBEN                             00000003
USBIE                             00000005
USBIF                             00000005
USBIP                             00000005
USTAT                             00000F6C
UTEYE                             00000007
UTRDIS                            00000003
VCFG0                             00000004
VCFG1                             00000005
VDIRMAG                           00000007
VREFM                             00000002
VREFP                             00000003
W                                 00000000
WCOL                              00000007
WDTCON                            00000FD1
WR                                00000001
WREG                              00000FE8
WREN                              00000002
WRERR                             00000003
WRSPP                             00000006
WS0                               00000000
WS1                               00000001
WS2                               00000002
WS3                               00000003
WUE                               00000001
Z                                 00000002
_BORV_0_2L                        000000E7
_BORV_1_2L                        000000EF
_BORV_2_2L                        000000F7
_BORV_3_2L                        000000FF
_BOR_OFF_2L                       000000F9
_BOR_ON_2L                        000000FF
_BOR_ON_ACTIVE_2L                 000000FD
_BOR_SOFT_2L                      000000FB
_CCP2MX_OFF_3H                    000000FE
_CCP2MX_ON_3H                     000000FF
MPASM 5.65                       LCD_LIB.ASM   12-12-2016  13:46:16         PAGE 25


SYMBOL TABLE
  LABEL                             VALUE 

_CONFIG1H                         00300001
_CONFIG1L                         00300000
_CONFIG2H                         00300003
_CONFIG2L                         00300002
_CONFIG3H                         00300005
_CONFIG4L                         00300006
_CONFIG5H                         00300009
_CONFIG5L                         00300008
_CONFIG6H                         0030000B
_CONFIG6L                         0030000A
_CONFIG7H                         0030000D
_CONFIG7L                         0030000C
_CP0_OFF_5L                       000000FF
_CP0_ON_5L                        000000FE
_CP1_OFF_5L                       000000FF
_CP1_ON_5L                        000000FD
_CP2_OFF_5L                       000000FF
_CP2_ON_5L                        000000FB
_CP3_OFF_5L                       000000FF
_CP3_ON_5L                        000000F7
_CPB_OFF_5H                       000000FF
_CPB_ON_5H                        000000BF
_CPD_OFF_5H                       000000FF
_CPD_ON_5H                        0000007F
_CPUDIV_OSC1_PLL2_1L              000000E7
_CPUDIV_OSC2_PLL3_1L              000000EF
_CPUDIV_OSC3_PLL4_1L              000000F7
_CPUDIV_OSC4_PLL6_1L              000000FF
_DEBUG_OFF_4L                     000000FF
_DEBUG_ON_4L                      0000007F
_DEVID1                           003FFFFE
_DEVID2                           003FFFFF
_EBTR0_OFF_7L                     000000FF
_EBTR0_ON_7L                      000000FE
_EBTR1_OFF_7L                     000000FF
_EBTR1_ON_7L                      000000FD
_EBTR2_OFF_7L                     000000FF
_EBTR2_ON_7L                      000000FB
_EBTR3_OFF_7L                     000000FF
_EBTR3_ON_7L                      000000F7
_EBTRB_OFF_7H                     000000FF
_EBTRB_ON_7H                      000000BF
_FCMEN_OFF_1H                     000000BF
_FCMEN_ON_1H                      000000FF
_FOSC_ECIO_EC_1H                  000000F4
_FOSC_ECPLLIO_EC_1H               000000F6
_FOSC_ECPLL_EC_1H                 000000F7
_FOSC_EC_EC_1H                    000000F5
_FOSC_HSPLL_HS_1H                 000000FE
_FOSC_HS_1H                       000000FC
_FOSC_INTOSCIO_EC_1H              000000F8
_FOSC_INTOSC_EC_1H                000000F9
_FOSC_INTOSC_HS_1H                000000FB
MPASM 5.65                       LCD_LIB.ASM   12-12-2016  13:46:16         PAGE 26


SYMBOL TABLE
  LABEL                             VALUE 

_FOSC_INTOSC_XT_1H                000000FA
_FOSC_XTPLL_XT_1H                 000000F2
_FOSC_XT_XT_1H                    000000F0
_ICPRT_OFF_4L                     000000DF
_ICPRT_ON_4L                      000000FF
_IDLOC0                           00200000
_IDLOC1                           00200001
_IDLOC2                           00200002
_IDLOC3                           00200003
_IDLOC4                           00200004
_IDLOC5                           00200005
_IDLOC6                           00200006
_IDLOC7                           00200007
_IESO_OFF_1H                      0000007F
_IESO_ON_1H                       000000FF
_LPT1OSC_OFF_3H                   000000FB
_LPT1OSC_ON_3H                    000000FF
_LVP_OFF_4L                       000000FB
_LVP_ON_4L                        000000FF
_MCLRE_OFF_3H                     0000007F
_MCLRE_ON_3H                      000000FF
_PBADEN_OFF_3H                    000000FD
_PBADEN_ON_3H                     000000FF
_PLLDIV_10_1L                     000000FE
_PLLDIV_12_1L                     000000FF
_PLLDIV_1_1L                      000000F8
_PLLDIV_2_1L                      000000F9
_PLLDIV_3_1L                      000000FA
_PLLDIV_4_1L                      000000FB
_PLLDIV_5_1L                      000000FC
_PLLDIV_6_1L                      000000FD
_PWRT_OFF_2L                      000000FF
_PWRT_ON_2L                       000000FE
_STVREN_OFF_4L                    000000FE
_STVREN_ON_4L                     000000FF
_USBDIV_1_1L                      000000DF
_USBDIV_2_1L                      000000FF
_VREGEN_OFF_2L                    000000DF
_VREGEN_ON_2L                     000000FF
_WDTPS_1024_2H                    000000F5
_WDTPS_128_2H                     000000EF
_WDTPS_16384_2H                   000000FD
_WDTPS_16_2H                      000000E9
_WDTPS_1_2H                       000000E1
_WDTPS_2048_2H                    000000F7
_WDTPS_256_2H                     000000F1
_WDTPS_2_2H                       000000E3
_WDTPS_32768_2H                   000000FF
_WDTPS_32_2H                      000000EB
_WDTPS_4096_2H                    000000F9
_WDTPS_4_2H                       000000E5
_WDTPS_512_2H                     000000F3
_WDTPS_64_2H                      000000ED
MPASM 5.65                       LCD_LIB.ASM   12-12-2016  13:46:16         PAGE 27


SYMBOL TABLE
  LABEL                             VALUE 

_WDTPS_8192_2H                    000000FB
_WDTPS_8_2H                       000000E7
_WDT_OFF_2H                       000000FE
_WDT_ON_2H                        000000FF
_WRT0_OFF_6L                      000000FF
_WRT0_ON_6L                       000000FE
_WRT1_OFF_6L                      000000FF
_WRT1_ON_6L                       000000FD
_WRT2_OFF_6L                      000000FF
_WRT2_ON_6L                       000000FB
_WRT3_OFF_6L                      000000FF
_WRT3_ON_6L                       000000F7
_WRTB_OFF_6H                      000000FF
_WRTB_ON_6H                       000000BF
_WRTC_OFF_6H                      000000FF
_WRTC_ON_6H                       000000DF
_WRTD_OFF_6H                      000000FF
_WRTD_ON_6H                       0000007F
_XINST_OFF_4L                     000000BF
_XINST_ON_4L                      000000FF
__18F4550                         00000001

Errors   :     0
Warnings :     0 reported,     0 suppressed
Messages :     1 reported,     0 suppressed

